-------------------------------------------------------------------------------
Test set: TestSuite
-------------------------------------------------------------------------------
Tests run: 2, Failures: 1, Errors: 0, Skipped: 0, Time elapsed: 53.14 s <<< FAILURE! -- in TestSuite
com.zebsoft.gsqa.AlojamientoSearchValidationTest.verifyEmptyDestinationErrorMessage -- Time elapsed: 39.06 s <<< FAILURE!
com.microsoft.playwright.TimeoutError: 
Error {
  message='Timeout 30000ms exceeded.
  name='TimeoutError
  stack='TimeoutError: Timeout 30000ms exceeded.
    at ProgressController.run (C:\Users\SEBAST~1\AppData\Local\Temp\playwright-java-9092902151560756169\package\lib\server\progress.js:87:26)
    at Frame.click (C:\Users\SEBAST~1\AppData\Local\Temp\playwright-java-9092902151560756169\package\lib\server\frames.js:995:23)
    at FrameDispatcher.click (C:\Users\SEBAST~1\AppData\Local\Temp\playwright-java-9092902151560756169\package\lib\server\dispatchers\frameDispatcher.js:152:30)
    at FrameDispatcher._handleCommand (C:\Users\SEBAST~1\AppData\Local\Temp\playwright-java-9092902151560756169\package\lib\server\dispatchers\dispatcher.js:84:40)
    at DispatcherConnection.dispatch (C:\Users\SEBAST~1\AppData\Local\Temp\playwright-java-9092902151560756169\package\lib\server\dispatchers\dispatcher.js:351:39)
}
Call log:
- waiting for locator("button:has-text('Buscar alojamientos')")

	at com.microsoft.playwright.impl.WaitableResult.get(WaitableResult.java:52)
	at com.microsoft.playwright.impl.ChannelOwner.runUntil(ChannelOwner.java:120)
	at com.microsoft.playwright.impl.Connection.sendMessage(Connection.java:129)
	at com.microsoft.playwright.impl.ChannelOwner.sendMessage(ChannelOwner.java:106)
	at com.microsoft.playwright.impl.FrameImpl.clickImpl(FrameImpl.java:252)
	at com.microsoft.playwright.impl.FrameImpl.lambda$click$8(FrameImpl.java:243)
	at com.microsoft.playwright.impl.LoggingSupport.lambda$withLogging$0(LoggingSupport.java:36)
	at com.microsoft.playwright.impl.LoggingSupport.withLogging(LoggingSupport.java:47)
	at com.microsoft.playwright.impl.ChannelOwner.withLogging(ChannelOwner.java:89)
	at com.microsoft.playwright.impl.LoggingSupport.withLogging(LoggingSupport.java:35)
	at com.microsoft.playwright.impl.FrameImpl.click(FrameImpl.java:243)
	at com.microsoft.playwright.impl.LocatorImpl.click(LocatorImpl.java:140)
	at com.microsoft.playwright.Locator.click(Locator.java:2348)
	at com.zebsoft.gsqa.pages.BasePage.click(BasePage.java:21)
	at com.zebsoft.gsqa.pages.HomePage.clickSearchButton(HomePage.java:25)
	at com.zebsoft.gsqa.AlojamientoSearchValidationTest.verifyEmptyDestinationErrorMessage(AlojamientoSearchValidationTest.java:25)
	at java.base/jdk.internal.reflect.NativeMethodAccessorImpl.invoke0(Native Method)
	at java.base/jdk.internal.reflect.NativeMethodAccessorImpl.invoke(NativeMethodAccessorImpl.java:62)
	at java.base/jdk.internal.reflect.DelegatingMethodAccessorImpl.invoke(DelegatingMethodAccessorImpl.java:43)
	at java.base/java.lang.reflect.Method.invoke(Method.java:566)
	at org.testng.internal.invokers.MethodInvocationHelper.invokeMethod(MethodInvocationHelper.java:139)
	at org.testng.internal.invokers.TestInvoker.invokeMethod(TestInvoker.java:677)
	at org.testng.internal.invokers.TestInvoker.invokeTestMethod(TestInvoker.java:221)
	at org.testng.internal.invokers.MethodRunner.runInSequence(MethodRunner.java:50)
	at org.testng.internal.invokers.TestInvoker$MethodInvocationAgent.invoke(TestInvoker.java:969)
	at org.testng.internal.invokers.TestInvoker.invokeTestMethods(TestInvoker.java:194)
	at org.testng.internal.invokers.TestMethodWorker.invokeTestMethods(TestMethodWorker.java:148)
	at org.testng.internal.invokers.TestMethodWorker.run(TestMethodWorker.java:128)
	at java.base/java.util.ArrayList.forEach(ArrayList.java:1541)
	at org.testng.TestRunner.privateRun(TestRunner.java:829)
	at org.testng.TestRunner.run(TestRunner.java:602)
	at org.testng.SuiteRunner.runTest(SuiteRunner.java:437)
	at org.testng.SuiteRunner.runSequentially(SuiteRunner.java:431)
	at org.testng.SuiteRunner.privateRun(SuiteRunner.java:391)
	at org.testng.SuiteRunner.run(SuiteRunner.java:330)
	at org.testng.SuiteRunnerWorker.runSuite(SuiteRunnerWorker.java:52)
	at org.testng.SuiteRunnerWorker.run(SuiteRunnerWorker.java:95)
	at org.testng.TestNG.runSuitesSequentially(TestNG.java:1256)
	at org.testng.TestNG.runSuitesLocally(TestNG.java:1176)
	at org.testng.TestNG.runSuites(TestNG.java:1099)
	at org.testng.TestNG.run(TestNG.java:1067)
	at org.apache.maven.surefire.testng.TestNGExecutor.run(TestNGExecutor.java:155)
	at org.apache.maven.surefire.testng.TestNGDirectoryTestSuite.executeMulti(TestNGDirectoryTestSuite.java:169)
	at org.apache.maven.surefire.testng.TestNGDirectoryTestSuite.execute(TestNGDirectoryTestSuite.java:88)
	at org.apache.maven.surefire.testng.TestNGProvider.invoke(TestNGProvider.java:137)
	at org.apache.maven.surefire.booter.ForkedBooter.runSuitesInProcess(ForkedBooter.java:385)
	at org.apache.maven.surefire.booter.ForkedBooter.execute(ForkedBooter.java:162)
	at org.apache.maven.surefire.booter.ForkedBooter.run(ForkedBooter.java:507)
	at org.apache.maven.surefire.booter.ForkedBooter.main(ForkedBooter.java:495)
Caused by: com.microsoft.playwright.TimeoutError: Error {
  message='Timeout 30000ms exceeded.
  name='TimeoutError
  stack='TimeoutError: Timeout 30000ms exceeded.
    at ProgressController.run (C:\Users\SEBAST~1\AppData\Local\Temp\playwright-java-9092902151560756169\package\lib\server\progress.js:87:26)
    at Frame.click (C:\Users\SEBAST~1\AppData\Local\Temp\playwright-java-9092902151560756169\package\lib\server\frames.js:995:23)
    at FrameDispatcher.click (C:\Users\SEBAST~1\AppData\Local\Temp\playwright-java-9092902151560756169\package\lib\server\dispatchers\frameDispatcher.js:152:30)
    at FrameDispatcher._handleCommand (C:\Users\SEBAST~1\AppData\Local\Temp\playwright-java-9092902151560756169\package\lib\server\dispatchers\dispatcher.js:84:40)
    at DispatcherConnection.dispatch (C:\Users\SEBAST~1\AppData\Local\Temp\playwright-java-9092902151560756169\package\lib\server\dispatchers\dispatcher.js:351:39)
}
Call log:
- waiting for locator("button:has-text('Buscar alojamientos')")

	at com.microsoft.playwright.impl.Connection.dispatch(Connection.java:252)
	at com.microsoft.playwright.impl.Connection.processOneMessage(Connection.java:209)
	at com.microsoft.playwright.impl.ChannelOwner.runUntil(ChannelOwner.java:118)
	... 47 more

