<?xml version="1.0" encoding="UTF-8"?>
<testng-results ignored="0" total="1" passed="1" failed="0" skipped="0">
  <reporter-output>
  </reporter-output>
  <suite started-at="2025-04-04T03:24:50 COT" name="Surefire suite" finished-at="2025-04-04T03:25:06 COT" duration-ms="15934">
    <groups>
    </groups>
    <test started-at="2025-04-04T03:24:50 COT" name="Surefire test" finished-at="2025-04-04T03:25:06 COT" duration-ms="15934">
      <class name="com.zebsoft.gsqa.AlojamientoSearchValidationTest">
        <test-method is-config="true" signature="setUp()[pri:0, instance:com.zebsoft.gsqa.AlojamientoSearchValidationTest@776b83cc]" started-at="2025-04-04T03:24:50 COT" name="setUp" finished-at="2025-04-04T03:24:55 COT" duration-ms="5038" status="PASS">
          <reporter-output>
          </reporter-output>
        </test-method> <!-- setUp -->
        <test-method signature="verifySearchWithValidDestination()[pri:0, instance:com.zebsoft.gsqa.AlojamientoSearchValidationTest@776b83cc]" started-at="2025-04-04T03:24:55 COT" name="verifySearchWithValidDestination" finished-at="2025-04-04T03:25:06 COT" duration-ms="10501" status="PASS">
          <reporter-output>
          </reporter-output>
        </test-method> <!-- verifySearchWithValidDestination -->
        <test-method is-config="true" signature="tearDown()[pri:0, instance:com.zebsoft.gsqa.AlojamientoSearchValidationTest@776b83cc]" started-at="2025-04-04T03:25:06 COT" name="tearDown" finished-at="2025-04-04T03:25:06 COT" duration-ms="362" status="PASS">
          <reporter-output>
          </reporter-output>
        </test-method> <!-- tearDown -->
      </class> <!-- com.zebsoft.gsqa.AlojamientoSearchValidationTest -->
    </test> <!-- Surefire test -->
  </suite> <!-- Surefire suite -->
</testng-results>
